<?xml version="1.0" encoding="utf-8"?><testsuites><testsuite name="pytest" errors="0" failures="0" skipped="0" tests="5" time="0.320" timestamp="2022-10-10T06:19:47.531039" hostname="DESKTOP-56AJR16"><testcase classname="tests.test_bytebank.TestClass" name="test_quando_idade_recebe_27_10_1987_deve_rertornar_35" time="0.008" /><testcase classname="tests.test_bytebank.TestClass" name="test_quando_sobrenome_recebe_Juliana_Simoes_deve_retornar_apenas_Simoes" time="0.002" /><testcase classname="tests.test_bytebank.TestClass" name="test_quando_decrescimo_salario_recebe_100000_deve_retornar_90000" time="0.001" /><testcase classname="tests.test_bytebank.TestClass" name="test_quando_calcular_bonus_recebe_1000_deve_retornar_100" time="0.001" /><testcase classname="tests.test_bytebank.TestClass" name="test_quando_calcular_bonus_recebe_1000000_deve_retornar_exception" time="0.004" /></testsuite></testsuites>